Configuring simple-sendfile-0.2.23...
Building simple-sendfile-0.2.23...
Preprocessing library simple-sendfile-0.2.23...
[1 of 4] Compiling Network.Sendfile.Types ( Network/Sendfile/Types.hs, .stack-work/dist/x86_64-linux/Cabal-1.22.5.0/build/Network/Sendfile/Types.o )
[2 of 4] Compiling Network.Sendfile.Linux ( .stack-work/dist/x86_64-linux/Cabal-1.22.5.0/build/Network/Sendfile/Linux.hs, .stack-work/dist/x86_64-linux/Cabal-1.22.5.0/build/Network/Sendfile/Linux.o )

Network/Sendfile/Linux.hsc:12:1: Warning:
    The import of ‘Control.Applicative’ is redundant
      except perhaps to import instances from ‘Control.Applicative’
    To import instances alone, use: import Control.Applicative()

Network/Sendfile/Linux.hsc:17:1: Warning:
    The import of ‘Data.Int’ is redundant
      except perhaps to import instances from ‘Data.Int’
    To import instances alone, use: import Data.Int()
[3 of 4] Compiling System.Linux.Sendfile ( System/Linux/Sendfile.hs, .stack-work/dist/x86_64-linux/Cabal-1.22.5.0/build/System/Linux/Sendfile.o )

System/Linux/Sendfile.hs:4:5: Warning:
    The export item ‘FileRange(..)’ suggests that
    ‘FileRange’ has (in-scope) constructors or class methods,
    but it has none
[4 of 4] Compiling Network.Sendfile ( Network/Sendfile.hs, .stack-work/dist/x86_64-linux/Cabal-1.22.5.0/build/Network/Sendfile.o )
In-place registering simple-sendfile-0.2.23...
Installing library in
/home/ubuntu/.stack/snapshots/x86_64-linux/lts-5.18/7.10.3/lib/x86_64-linux-ghc-7.10.3/simple-sendfile-0.2.23-4cgd7qT6IWhK1oBB4nw9KS
Registering simple-sendfile-0.2.23...
