Configuring yesod-static-1.5.0.3...
Building yesod-static-1.5.0.3...
Preprocessing library yesod-static-1.5.0.3...
[1 of 7] Compiling Yesod.EmbeddedStatic.Types ( Yesod/EmbeddedStatic/Types.hs, .stack-work/dist/x86_64-linux/Cabal-1.22.5.0/build/Yesod/EmbeddedStatic/Types.o )
[2 of 7] Compiling Yesod.EmbeddedStatic.Generators ( Yesod/EmbeddedStatic/Generators.hs, .stack-work/dist/x86_64-linux/Cabal-1.22.5.0/build/Yesod/EmbeddedStatic/Generators.o )

Yesod/EmbeddedStatic/Generators.hs:33:1: Warning:
    The import of ‘Control.Applicative’ is redundant
      except perhaps to import instances from ‘Control.Applicative’
    To import instances alone, use: import Control.Applicative()

Yesod/EmbeddedStatic/Generators.hs:36:1: Warning:
    The import of ‘Control.Monad.Trans.Resource’ is redundant
      except perhaps to import instances from ‘Control.Monad.Trans.Resource’
    To import instances alone, use: import Control.Monad.Trans.Resource()
[3 of 7] Compiling Yesod.Static     ( Yesod/Static.hs, .stack-work/dist/x86_64-linux/Cabal-1.22.5.0/build/Yesod/Static.o )

Yesod/Static.hs:97:1: Warning:
    The import of ‘FilePath’ from module ‘System.FilePath’ is redundant

Yesod/Static.hs:99:1: Warning:
    The import of ‘System.Directory’ is redundant
      except perhaps to import instances from ‘System.Directory’
    To import instances alone, use: import System.Directory()

Yesod/Static.hs:344:9: Warning: Defined but not used: ‘pack'’

Yesod/Static.hs:501:1: Warning: Defined but not used: ‘errorIntro’
[4 of 7] Compiling Yesod.EmbeddedStatic.Internal ( Yesod/EmbeddedStatic/Internal.hs, .stack-work/dist/x86_64-linux/Cabal-1.22.5.0/build/Yesod/EmbeddedStatic/Internal.o )

Yesod/EmbeddedStatic/Internal.hs:19:1: Warning:
    The import of ‘Control.Applicative’ is redundant
      except perhaps to import instances from ‘Control.Applicative’
    To import instances alone, use: import Control.Applicative()
[5 of 7] Compiling Yesod.EmbeddedStatic ( Yesod/EmbeddedStatic.hs, .stack-work/dist/x86_64-linux/Cabal-1.22.5.0/build/Yesod/EmbeddedStatic.o )

Yesod/EmbeddedStatic.hs:52:1: Warning:
    The import of ‘Control.Applicative’ is redundant
      except perhaps to import instances from ‘Control.Applicative’
    To import instances alone, use: import Control.Applicative()
[6 of 7] Compiling Yesod.EmbeddedStatic.Css.Util ( Yesod/EmbeddedStatic/Css/Util.hs, .stack-work/dist/x86_64-linux/Cabal-1.22.5.0/build/Yesod/EmbeddedStatic/Css/Util.o )
[7 of 7] Compiling Yesod.EmbeddedStatic.Css.AbsoluteUrl ( Yesod/EmbeddedStatic/Css/AbsoluteUrl.hs, .stack-work/dist/x86_64-linux/Cabal-1.22.5.0/build/Yesod/EmbeddedStatic/Css/AbsoluteUrl.o )
In-place registering yesod-static-1.5.0.3...
Installing library in
/home/ubuntu/.stack/snapshots/x86_64-linux/lts-5.18/7.10.3/lib/x86_64-linux-ghc-7.10.3/yesod-static-1.5.0.3-19YZDUveQz985LYrkjykPV
Registering yesod-static-1.5.0.3...
