Configuring yesod-auth-1.4.13.2...
Building yesod-auth-1.4.13.2...
Preprocessing library yesod-auth-1.4.13.2...
[ 1 of 12] Compiling Yesod.PasswordStore ( Yesod/PasswordStore.hs, .stack-work/dist/x86_64-linux/Cabal-1.22.5.0/build/Yesod/PasswordStore.o )

Yesod/PasswordStore.hs:166:31: Warning:
    Defaulting the following constraint(s) to type ‘Integer’
      (Integral b0)
        arising from a use of ‘^’ at Yesod/PasswordStore.hs:166:31
      (Num b0)
        arising from the literal ‘32’ at Yesod/PasswordStore.hs:166:32-33
    In the first argument of ‘(-)’, namely ‘2 ^ 32’
    In the first argument of ‘(*)’, namely ‘(2 ^ 32 - 1)’
    In the second argument of ‘(>)’, namely ‘(2 ^ 32 - 1) * hLen’

Yesod/PasswordStore.hs:419:1: Warning:
    Defined but not used: ‘toStrict’

Yesod/PasswordStore.hs:422:1: Warning:
    Defined but not used: ‘fromStrict’
[ 2 of 12] Compiling Yesod.Auth.Message ( Yesod/Auth/Message.hs, .stack-work/dist/x86_64-linux/Cabal-1.22.5.0/build/Yesod/Auth/Message.o )

Yesod/Auth/Message.hs:23:1: Warning:
    The import of ‘mappend’ from module ‘Data.Monoid’ is redundant

Yesod/Auth/Message.hs:698:1: Warning:
    Defined but not used: ‘croatianMessage’

Yesod/Auth/Message.hs:459:1: Warning:
    Pattern match(es) are overlapped
    In an equation for ‘finnishMessage’: finnishMessage Password = ...

Yesod/Auth/Message.hs:459:1: Warning:
    Pattern match(es) are non-exhaustive
    In an equation for ‘finnishMessage’:
        Patterns not matched: CurrentPassword
[ 3 of 12] Compiling Yesod.Auth.Routes ( Yesod/Auth/Routes.hs, .stack-work/dist/x86_64-linux/Cabal-1.22.5.0/build/Yesod/Auth/Routes.o )
[ 4 of 12] Compiling Yesod.Auth       ( Yesod/Auth.hs, .stack-work/dist/x86_64-linux/Cabal-1.22.5.0/build/Yesod/Auth.o )

Yesod/Auth.hs:50:1: Warning:
    The import of ‘Control.Applicative’ is redundant
      except perhaps to import instances from ‘Control.Applicative’
    To import instances alone, use: import Control.Applicative()
[ 5 of 12] Compiling Yesod.Auth.BrowserId ( Yesod/Auth/BrowserId.hs, .stack-work/dist/x86_64-linux/Cabal-1.22.5.0/build/Yesod/Auth/BrowserId.o )
[ 6 of 12] Compiling Yesod.Auth.Dummy ( Yesod/Auth/Dummy.hs, .stack-work/dist/x86_64-linux/Cabal-1.22.5.0/build/Yesod/Auth/Dummy.o )
[ 7 of 12] Compiling Yesod.Auth.Email ( Yesod/Auth/Email.hs, .stack-work/dist/x86_64-linux/Cabal-1.22.5.0/build/Yesod/Auth/Email.o )

Yesod/Auth/Email.hs:59:1: Warning:
    The import of ‘Control.Applicative’ is redundant
      except perhaps to import instances from ‘Control.Applicative’
    To import instances alone, use: import Control.Applicative()

Yesod/Auth/Email.hs:110:48: Warning:
    Defined but not used: ‘forgotEmail’

Yesod/Auth/Email.hs:111:36: Warning:
    Defined but not used: ‘passwordCurrent’

Yesod/Auth/Email.hs:111:61: Warning:
    Defined but not used: ‘passwordNew’

Yesod/Auth/Email.hs:111:82: Warning:
    Defined but not used: ‘passwordConfirm’

Yesod/Auth/Email.hs:112:28: Warning: Defined but not used: ‘email’

Yesod/Auth/Email.hs:113:38: Warning:
    Defined but not used: ‘loginEmail’

Yesod/Auth/Email.hs:113:58: Warning:
    Defined but not used: ‘loginPassword’

Yesod/Auth/Email.hs:283:18: Warning:
    Defined but not used: ‘enctype’

Yesod/Auth/Email.hs:396:57: Warning:
    This binding for ‘email’ shadows the existing binding
      defined at Yesod/Auth/Email.hs:112:28

Yesod/Auth/Email.hs:397:54: Warning:
    This binding for ‘email’ shadows the existing binding
      defined at Yesod/Auth/Email.hs:112:28

Yesod/Auth/Email.hs:410:36: Warning:
    This binding for ‘email’ shadows the existing binding
      defined at Yesod/Auth/Email.hs:112:28

Yesod/Auth/Email.hs:472:21: Warning:
    This binding for ‘email’ shadows the existing binding
      defined at Yesod/Auth/Email.hs:112:28

Yesod/Auth/Email.hs:507:29: Warning:
    This binding for ‘email’ shadows the existing binding
      defined at Yesod/Auth/Email.hs:112:28

Yesod/Auth/Email.hs:518:14: Warning:
    This binding for ‘email’ shadows the existing binding
      defined at Yesod/Auth/Email.hs:112:28

Yesod/Auth/Email.hs:548:22: Warning:
    Defined but not used: ‘enctype’

Yesod/Auth/Email.hs:556:21: Warning:
    This binding for ‘needOld’ shadows the existing binding
      bound at Yesod/Auth/Email.hs:542:27
[ 8 of 12] Compiling Yesod.Auth.OpenId ( Yesod/Auth/OpenId.hs, .stack-work/dist/x86_64-linux/Cabal-1.22.5.0/build/Yesod/Auth/OpenId.o )
[ 9 of 12] Compiling Yesod.Auth.Rpxnow ( Yesod/Auth/Rpxnow.hs, .stack-work/dist/x86_64-linux/Cabal-1.22.5.0/build/Yesod/Auth/Rpxnow.o )
[10 of 12] Compiling Yesod.Auth.GoogleEmail ( Yesod/Auth/GoogleEmail.hs, .stack-work/dist/x86_64-linux/Cabal-1.22.5.0/build/Yesod/Auth/GoogleEmail.o )
[11 of 12] Compiling Yesod.Auth.GoogleEmail2 ( Yesod/Auth/GoogleEmail2.hs, .stack-work/dist/x86_64-linux/Cabal-1.22.5.0/build/Yesod/Auth/GoogleEmail2.o )

Yesod/Auth/GoogleEmail2.hs:56:1: Warning:
    The import of ‘authRoute’ from module ‘Yesod.Core’ is redundant

Yesod/Auth/GoogleEmail2.hs:67:1: Warning:
    The import of ‘Control.Applicative’ is redundant
      except perhaps to import instances from ‘Control.Applicative’
    To import instances alone, use: import Control.Applicative()

Yesod/Auth/GoogleEmail2.hs:82:1: Warning:
    The import of ‘Data.Monoid’ is redundant
      except perhaps to import instances from ‘Data.Monoid’
    To import instances alone, use: import Data.Monoid()
[12 of 12] Compiling Yesod.Auth.Hardcoded ( Yesod/Auth/Hardcoded.hs, .stack-work/dist/x86_64-linux/Cabal-1.22.5.0/build/Yesod/Auth/Hardcoded.o )

Yesod/Auth/Hardcoded.hs:141:1: Warning:
    The import of ‘Control.Applicative’ is redundant
      except perhaps to import instances from ‘Control.Applicative’
    To import instances alone, use: import Control.Applicative()
In-place registering yesod-auth-1.4.13.2...
Installing library in
/home/ubuntu/.stack/snapshots/x86_64-linux/lts-5.18/7.10.3/lib/x86_64-linux-ghc-7.10.3/yesod-auth-1.4.13.2-8MRvubQ1veHJdG4gYYk5nH
Registering yesod-auth-1.4.13.2...
